<?xml version="1.0" encoding="UTF-8"?>
<!-- Generated by org.testng.reporters.JUnitReportReporter -->
<testsuite hostname="DESKTOP-B82C6IT" failures="0" tests="17" name="AutomationFinalProject.AutomationFinalProject.AppTest" time="19.909" errors="0" timestamp="2025-05-04T02:04:31 EET" skipped="7">
  <testcase classname="AutomationFinalProject.AutomationFinalProject.AppTest" name="ChangeTheWebsiteLanaguage" time="2.218"/>
  <testcase classname="AutomationFinalProject.AutomationFinalProject.AppTest" name="ChangeTheWebsiteLanaguage" time="1.536"/>
  <testcase classname="AutomationFinalProject.AutomationFinalProject.AppTest" name="ChangeTheWebsiteLanaguage" time="0.970"/>
  <testcase classname="AutomationFinalProject.AutomationFinalProject.AppTest" name="ChangeTheWebsiteLanaguage" time="2.396"/>
  <testcase classname="AutomationFinalProject.AutomationFinalProject.AppTest" name="ChangeTheWebsiteLanaguage" time="3.297"/>
  <testcase classname="AutomationFinalProject.AutomationFinalProject.AppTest" name="ChangeTheWebsiteLanaguage" time="2.168"/>
  <testcase classname="AutomationFinalProject.AutomationFinalProject.AppTest" name="ChangeTheWebsiteLanaguage" time="1.247"/>
  <testcase classname="AutomationFinalProject.AutomationFinalProject.AppTest" name="ChangeTheWebsiteLanaguage" time="1.011"/>
  <testcase classname="AutomationFinalProject.AutomationFinalProject.AppTest" name="ChangeTheWebsiteLanaguage" time="2.723"/>
  <testcase classname="AutomationFinalProject.AutomationFinalProject.AppTest" name="ChangeTheWebsiteLanaguage" time="2.343"/>
  <testcase classname="AutomationFinalProject.AutomationFinalProject.AppTest" name="CheckQitafLogo">
    <skipped/>
  </testcase> <!-- CheckQitafLogo -->
  <testcase classname="AutomationFinalProject.AutomationFinalProject.AppTest" name="FlightDepatureDate">
    <skipped/>
  </testcase> <!-- FlightDepatureDate -->
  <testcase classname="AutomationFinalProject.AutomationFinalProject.AppTest" name="FlightReturnDate">
    <skipped/>
  </testcase> <!-- FlightReturnDate -->
  <testcase classname="AutomationFinalProject.AutomationFinalProject.AppTest" name="CheckHotelTabNotSelected">
    <skipped/>
  </testcase> <!-- CheckHotelTabNotSelected -->
  <testcase classname="AutomationFinalProject.AutomationFinalProject.AppTest" name="CheckContactNumber">
    <skipped/>
  </testcase> <!-- CheckContactNumber -->
  <testcase classname="AutomationFinalProject.AutomationFinalProject.AppTest" name="CheckWebSiteLanaguage">
    <skipped/>
  </testcase> <!-- CheckWebSiteLanaguage -->
  <testcase classname="AutomationFinalProject.AutomationFinalProject.AppTest" name="CheckCurrency">
    <skipped/>
  </testcase> <!-- CheckCurrency -->
</testsuite> <!-- AutomationFinalProject.AutomationFinalProject.AppTest -->
